<?xml version="1.0" encoding="utf-8"?><testsuites name="pytest tests"><testsuite name="pytest" errors="0" failures="0" skipped="0" tests="10" time="1.831" timestamp="2026-08-24T03:58:07.297886+00:00" hostname="agent-env-4d5b1ea9-c5df-4db3-9534-968cd0e87a5b"><testcase classname="tests.test_account_delete_and_quarantine.TestAccountDeletion" name="test_delete_no_auth_returns_401" time="0.253" /><testcase classname="tests.test_account_delete_and_quarantine.TestAccountDeletion" name="test_delete_staff_returns_403" time="0.141" /><testcase classname="tests.test_account_delete_and_quarantine.TestAccountDeletion" name="test_delete_patient_success_and_anonymises_booking" time="0.352" /><testcase classname="tests.test_account_delete_and_quarantine.TestAccountDeletion" name="test_delete_second_call_returns_401" time="0.120" /><testcase classname="tests.test_account_delete_and_quarantine.TestQuarantinedDuplicates" name="test_list_requires_auth" time="0.123" /><testcase classname="tests.test_account_delete_and_quarantine.TestQuarantinedDuplicates" name="test_list_owner_ok" time="0.209" /><testcase classname="tests.test_account_delete_and_quarantine.TestQuarantinedDuplicates" name="test_restore_conflict_when_canonical_exists" time="0.138" /><testcase classname="tests.test_account_delete_and_quarantine.TestQuarantinedDuplicates" name="test_restore_orphan_ok" time="0.238" /><testcase classname="tests.test_account_delete_and_quarantine.TestQuarantinedDuplicates" name="test_merge_success_restamps_and_deletes_stub" time="0.114" /><testcase classname="tests.test_account_delete_and_quarantine.TestQuarantinedDuplicates" name="test_merge_conflict_when_no_canonical" time="0.100" /></testsuite></testsuites>