<?xml version="1.0" encoding="utf-8"?><testsuites name="pytest tests"><testsuite name="pytest" errors="0" failures="0" skipped="0" tests="11" time="43.649" timestamp="2026-06-15T05:26:20.494905+00:00" hostname="agent-env-4d5b1ea9-c5df-4db3-9534-968cd0e87a5b"><testcase classname="tests.test_ai_discharge_field.TestDischargeFieldGeneration" name="test_1_course_in_hospital" time="7.810" /><testcase classname="tests.test_ai_discharge_field.TestDischargeFieldGeneration" name="test_2_operative_notes" time="7.417" /><testcase classname="tests.test_ai_discharge_field.TestDischargeFieldGeneration" name="test_3_discharge_meds" time="7.745" /><testcase classname="tests.test_ai_discharge_field.TestDischargeFieldGeneration" name="test_4_condition_at_discharge" time="3.812" /><testcase classname="tests.test_ai_discharge_field.TestDischargeFieldGeneration" name="test_5_diet_advice" time="7.417" /><testcase classname="tests.test_ai_discharge_field.TestDischargeFieldGeneration" name="test_6_follow_up_plan" time="4.602" /><testcase classname="tests.test_ai_discharge_field.TestDischargeFieldErrors" name="test_7_invalid_field_name" time="0.062" /><testcase classname="tests.test_ai_discharge_field.TestDischargeFieldErrors" name="test_8_non_existent_admission" time="0.066" /><testcase classname="tests.test_ai_discharge_field.TestDischargeFieldErrors" name="test_9_unauthorized_no_token" time="0.278" /><testcase classname="tests.test_ai_discharge_field.TestDischargeFieldErrors" name="test_10_unauthorized_bad_token" time="0.215" /><testcase classname="tests.test_ai_discharge_field.TestDischargeFieldHint" name="test_9_extra_hint_reflected" time="4.172" /></testsuite></testsuites>