<?xml version="1.0" encoding="utf-8"?><testsuites name="pytest tests"><testsuite name="pytest" errors="0" failures="0" skipped="0" tests="13" time="3.497" timestamp="2026-06-16T06:36:41.180452+00:00" hostname="agent-env-4d5b1ea9-c5df-4db3-9534-968cd0e87a5b"><testcase classname="tests.test_all_receipts_endpoint.TestListDefaults" name="test_list_no_params_returns_200_and_array" time="0.925" /><testcase classname="tests.test_all_receipts_endpoint.TestListDefaults" name="test_default_limit_capped_at_100" time="0.168" /><testcase classname="tests.test_all_receipts_endpoint.TestListDefaults" name="test_sort_order_receipt_date_then_created_at_desc" time="0.139" /><testcase classname="tests.test_all_receipts_endpoint.TestListDefaults" name="test_required_fields_present_in_each_row" time="0.148" /><testcase classname="tests.test_all_receipts_endpoint.TestLimit500" name="test_limit_500_returns_200" time="0.202" /><testcase classname="tests.test_all_receipts_endpoint.TestLimit500" name="test_limit_over_500_rejected" time="0.132" /><testcase classname="tests.test_all_receipts_endpoint.TestLimit500" name="test_limit_500_returns_more_than_default_when_data_allows" time="0.362" /><testcase classname="tests.test_all_receipts_endpoint.TestTenantScoping" name="test_all_results_belong_to_owners_clinic" time="0.128" /><testcase classname="tests.test_all_receipts_endpoint.TestTenantScoping" name="test_passing_foreign_clinic_header_returns_403" time="0.282" /><testcase classname="tests.test_all_receipts_endpoint.TestTenantScoping" name="test_unauthenticated_returns_401" time="0.205" /><testcase classname="tests.test_all_receipts_endpoint.TestSingleReceipt" name="test_get_single_receipt_by_id" time="0.301" /><testcase classname="tests.test_all_receipts_endpoint.TestSingleReceipt" name="test_get_missing_receipt_returns_404" time="0.163" /><testcase classname="tests.test_all_receipts_endpoint.TestSingleReceipt" name="test_get_single_receipt_unauthenticated_401" time="0.244" /></testsuite></testsuites>