<?xml version="1.0" encoding="utf-8"?><testsuites name="pytest tests"><testsuite name="pytest" errors="0" failures="0" skipped="0" tests="14" time="1.329" timestamp="2026-08-10T11:29:02.653453+00:00" hostname="agent-env-4d5b1ea9-c5df-4db3-9534-968cd0e87a5b"><testcase classname="tests.test_availability_bugfix_regression.TestScenario1_GlobalDocNonDefaultSchedule" name="test_regression_global_doc_used_no_clinic_header" time="0.286" /><testcase classname="tests.test_availability_bugfix_regression.TestScenario1_GlobalDocNonDefaultSchedule" name="test_regression_wrong_clinic_id_still_finds_global" time="0.043" /><testcase classname="tests.test_availability_bugfix_regression.TestScenario1_GlobalDocNonDefaultSchedule" name="test_regression_targeted_user_id_no_clinic_returns_global" time="0.045" /><testcase classname="tests.test_availability_bugfix_regression.TestScenario2_PerClinicOverride" name="test_per_clinic_and_global_both_saved" time="0.088" /><testcase classname="tests.test_availability_bugfix_regression.TestScenario2_PerClinicOverride" name="test_get_slots_with_clinic_returns_per_clinic_schedule" time="0.042" /><testcase classname="tests.test_availability_bugfix_regression.TestScenario2_PerClinicOverride" name="test_get_slots_without_clinic_returns_global_schedule" time="0.047" /><testcase classname="tests.test_availability_bugfix_regression.TestScenario3_TierThreeAnyDoc" name="test_only_per_clinic_doc_saved" time="0.044" /><testcase classname="tests.test_availability_bugfix_regression.TestScenario3_TierThreeAnyDoc" name="test_no_clinic_header_uses_tier3_fallback" time="0.046" /><testcase classname="tests.test_availability_bugfix_regression.TestScenario4_TrueAbsenceUsesHardcodedDefault" name="test_no_availability_falls_through_to_default" time="0.043" /><testcase classname="tests.test_availability_bugfix_regression.TestScenario4_TrueAbsenceUsesHardcodedDefault" name="test_no_availability_online_mode_default" time="0.046" /><testcase classname="tests.test_availability_bugfix_regression.TestScenario5_DoctorsListEndpoint" name="test_doctors_endpoint_returns_actual_schedule" time="0.092" /><testcase classname="tests.test_availability_bugfix_regression.TestScenario6_NoRegressionOnAncillaryFeatures" name="test_off_days_still_excludes_slots" time="0.193" /><testcase classname="tests.test_availability_bugfix_regression.TestScenario6_NoRegressionOnAncillaryFeatures" name="test_unavailability_rule_blocks_slots" time="0.131" /><testcase classname="tests.test_availability_bugfix_regression.TestScenario6_NoRegressionOnAncillaryFeatures" name="test_response_shape_has_expected_fields" time="0.090" /></testsuite></testsuites>