<?xml version="1.0" encoding="utf-8"?><testsuites name="pytest tests"><testsuite name="pytest" errors="0" failures="0" skipped="0" tests="21" time="3.279" timestamp="2026-08-10T14:08:38.243835+00:00" hostname="agent-env-4d5b1ea9-c5df-4db3-9534-968cd0e87a5b"><testcase classname="tests.test_availability_bugfix_regression.TestScenario1_GlobalDocNonDefaultSchedule" name="test_regression_global_doc_used_no_clinic_header" time="0.336" /><testcase classname="tests.test_availability_bugfix_regression.TestScenario1_GlobalDocNonDefaultSchedule" name="test_regression_wrong_clinic_id_still_finds_global" time="0.071" /><testcase classname="tests.test_availability_bugfix_regression.TestScenario1_GlobalDocNonDefaultSchedule" name="test_regression_targeted_user_id_no_clinic_returns_global" time="0.062" /><testcase classname="tests.test_availability_bugfix_regression.TestScenario2_PerClinicOverride" name="test_per_clinic_and_global_both_saved" time="0.125" /><testcase classname="tests.test_availability_bugfix_regression.TestScenario2_PerClinicOverride" name="test_get_slots_with_clinic_returns_per_clinic_schedule" time="0.058" /><testcase classname="tests.test_availability_bugfix_regression.TestScenario2_PerClinicOverride" name="test_get_slots_without_clinic_returns_global_schedule" time="0.071" /><testcase classname="tests.test_availability_bugfix_regression.TestScenario3_TierThreeAnyDoc" name="test_only_per_clinic_doc_saved" time="0.069" /><testcase classname="tests.test_availability_bugfix_regression.TestScenario3_TierThreeAnyDoc" name="test_no_clinic_header_uses_tier3_fallback" time="0.070" /><testcase classname="tests.test_availability_bugfix_regression.TestScenario4_TrueAbsenceUsesHardcodedDefault" name="test_no_availability_falls_through_to_default" time="0.063" /><testcase classname="tests.test_availability_bugfix_regression.TestScenario4_TrueAbsenceUsesHardcodedDefault" name="test_no_availability_online_mode_default" time="0.063" /><testcase classname="tests.test_availability_bugfix_regression.TestScenario5_DoctorsListEndpoint" name="test_doctors_endpoint_returns_actual_schedule" time="0.215" /><testcase classname="tests.test_availability_bugfix_regression.TestScenario6_NoRegressionOnAncillaryFeatures" name="test_off_days_still_excludes_slots" time="0.223" /><testcase classname="tests.test_availability_bugfix_regression.TestScenario6_NoRegressionOnAncillaryFeatures" name="test_unavailability_rule_blocks_slots" time="0.421" /><testcase classname="tests.test_availability_bugfix_regression.TestScenario6_NoRegressionOnAncillaryFeatures" name="test_response_shape_has_expected_fields" time="0.124" /><testcase classname="tests.test_availability_bugfix_regression.TestScenario7_ReportedSymptomNoStraySlots" name="test_stray_slots_from_legacy_doctor_are_excluded" time="0.193" /><testcase classname="tests.test_availability_bugfix_regression.TestScenario8_PrimaryOwnerBeatsOtherRoles" name="test_primary_owner_wins_over_partner_and_doctor" time="0.242" /><testcase classname="tests.test_availability_bugfix_regression.TestScenario9_TierFallbackToPartner" name="test_no_primary_owner_falls_to_partner" time="0.196" /><testcase classname="tests.test_availability_bugfix_regression.TestScenario10_ExplicitUserIdSkipsCollapse" name="test_user_id_param_targets_specified_doctor" time="0.186" /><testcase classname="tests.test_availability_bugfix_regression.TestScenario10_ExplicitUserIdSkipsCollapse" name="test_user_id_targeting_primary_owner_returns_only_its_slots" time="0.061" /><testcase classname="tests.test_availability_bugfix_regression.TestScenario11_DoctorsEndpointNotCollapsed" name="test_doctors_endpoint_still_lists_every_prescriber" time="0.248" /><testcase classname="tests.test_availability_bugfix_regression.TestScenario12_NoAvailabilityFinalFallback" name="test_no_availability_docs_uses_default" time="0.070" /></testsuite></testsuites>