<?xml version="1.0" encoding="utf-8"?><testsuites name="pytest tests"><testsuite name="pytest" errors="0" failures="0" skipped="0" tests="23" time="10.563" timestamp="2026-06-18T18:21:29.044189+00:00" hostname="agent-env-4d5b1ea9-c5df-4db3-9534-968cd0e87a5b"><testcase classname="tests.test_e2e_patient_staff_workflows.TestBoot" name="test_owner_auth" time="1.883" /><testcase classname="tests.test_e2e_patient_staff_workflows.TestBoot" name="test_patient_auth" time="0.120" /><testcase classname="tests.test_e2e_patient_staff_workflows.TestWorkflow1Anonymous" name="test_anonymous_booking_creates_with_clinic" time="1.003" /><testcase classname="tests.test_e2e_patient_staff_workflows.TestWorkflow2PatientBooking" name="test_patient_booking_creates_with_user_and_clinic" time="0.881" /><testcase classname="tests.test_e2e_patient_staff_workflows.TestWorkflow3PatientMyBookings" name="test_patient_sees_own_booking" time="0.141" /><testcase classname="tests.test_e2e_patient_staff_workflows.TestWorkflow4StaffAll" name="test_owner_sees_all_in_clinic" time="0.137" /><testcase classname="tests.test_e2e_patient_staff_workflows.TestWorkflow5And6Confirm" name="test_owner_confirms_patient_booking" time="0.707" /><testcase classname="tests.test_e2e_patient_staff_workflows.TestWorkflow5And6Confirm" name="test_patient_sees_confirmed" time="0.185" /><testcase classname="tests.test_e2e_patient_staff_workflows.TestWorkflow7And8Attachments" name="test_patient_uploads_attachment" time="0.152" /><testcase classname="tests.test_e2e_patient_staff_workflows.TestWorkflow7And8Attachments" name="test_staff_lists_attachment" time="0.518" /><testcase classname="tests.test_e2e_patient_staff_workflows.TestWorkflow9PatientCancel" name="test_patient_cancels_own_booking" time="1.627" /><testcase classname="tests.test_e2e_patient_staff_workflows.TestWorkflow10And11PatientDb" name="test_patient_db_list" time="0.137" /><testcase classname="tests.test_e2e_patient_staff_workflows.TestWorkflow10And11PatientDb" name="test_patient_db_by_phone" time="0.195" /><testcase classname="tests.test_e2e_patient_staff_workflows.TestWorkflow12And13Prescriptions" name="test_staff_creates_draft_rx" time="0.153" /><testcase classname="tests.test_e2e_patient_staff_workflows.TestWorkflow12And13Prescriptions" name="test_patient_sees_own_rx" time="0.146" /><testcase classname="tests.test_e2e_patient_staff_workflows.TestWorkflow14Analytics" name="test_owner_analytics_widgets" time="0.132" /><testcase classname="tests.test_e2e_patient_staff_workflows.TestWorkflow15OwnerExport" name="test_owner_export_with_phone" time="0.142" /><testcase classname="tests.test_e2e_patient_staff_workflows.TestWorkflow16PatientExport" name="test_patient_export_no_phone" time="0.214" /><testcase classname="tests.test_e2e_patient_staff_workflows.TestWorkflow17Notifications" name="test_patient_notifications" time="0.122" /><testcase classname="tests.test_e2e_patient_staff_workflows.TestWorkflow17Notifications" name="test_owner_auth_me_again" time="0.130" /><testcase classname="tests.test_e2e_patient_staff_workflows.TestWorkflow17Notifications" name="test_patient_auth_me_again" time="0.153" /><testcase classname="tests.test_e2e_patient_staff_workflows.TestBootDuplicates" name="test_no_duplicate_routes_in_log" time="0.012" /><testcase classname="tests.test_e2e_patient_staff_workflows" name="test_zz_cleanup" time="1.562" /></testsuite></testsuites>