<?xml version="1.0" encoding="utf-8"?><testsuites name="pytest tests"><testsuite name="pytest" errors="0" failures="0" skipped="0" tests="8" time="3.415" timestamp="2026-06-17T07:01:10.791654+00:00" hostname="agent-env-4d5b1ea9-c5df-4db3-9534-968cd0e87a5b"><testcase classname="tests.test_factory_reset.TestRequestOtpAuth" name="test_unauthenticated_blocked" time="1.860" /><testcase classname="tests.test_factory_reset.TestRequestOtpAuth" name="test_doctor_blocked_403" time="0.160" /><testcase classname="tests.test_factory_reset.TestRequestOtpAuth" name="test_owner_can_request_otp" time="0.381" /><testcase classname="tests.test_factory_reset.TestExecuteValidation" name="test_doctor_blocked_403" time="0.138" /><testcase classname="tests.test_factory_reset.TestExecuteValidation" name="test_no_pending_otp_returns_400" time="0.174" /><testcase classname="tests.test_factory_reset.TestExecuteValidation" name="test_wrong_clinic_name_returns_400" time="0.161" /><testcase classname="tests.test_factory_reset.TestExecuteValidation" name="test_wrong_otp_increments_attempts" time="0.128" /><testcase classname="tests.test_factory_reset.TestExecuteHappyPath" name="test_happy_path_wipes_only_owner_clinic" time="0.245" /></testsuite></testsuites>