<?xml version="1.0" encoding="utf-8"?><testsuites name="pytest tests"><testsuite name="pytest" errors="0" failures="0" skipped="0" tests="12" time="2.844" timestamp="2026-09-06T16:23:49.073083+00:00" hostname="agent-env-4d5b1ea9-c5df-4db3-9534-968cd0e87a5b"><testcase classname="tests.test_iteration39_messaging_and_booking_ownership.TestAuthMeMessagingFlag" name="test_owner_can_send_true" time="0.314" /><testcase classname="tests.test_iteration39_messaging_and_booking_ownership.TestAuthMeMessagingFlag" name="test_patient_default_true" time="0.132" /><testcase classname="tests.test_iteration39_messaging_and_booking_ownership.TestAuthMeMessagingFlag" name="test_patient_revoked_false" time="0.127" /><testcase classname="tests.test_iteration39_messaging_and_booking_ownership.TestMessagingSendGate" name="test_owner_not_gated" time="0.134" /><testcase classname="tests.test_iteration39_messaging_and_booking_ownership.TestMessagingSendGate" name="test_default_patient_not_gated" time="0.204" /><testcase classname="tests.test_iteration39_messaging_and_booking_ownership.TestMessagingSendGate" name="test_revoked_patient_is_gated" time="0.160" /><testcase classname="tests.test_iteration39_messaging_and_booking_ownership.TestMessagingSendGate" name="test_legacy_send_is_retired" time="0.126" /><testcase classname="tests.test_iteration39_messaging_and_booking_ownership.TestBookingLast10Ownership" name="test_patient_can_fetch_own_by_last10" time="0.886" /><testcase classname="tests.test_iteration39_messaging_and_booking_ownership.TestBookingLast10Ownership" name="test_other_patient_still_blocked" time="0.147" /><testcase classname="tests.test_iteration39_messaging_and_booking_ownership.TestBookingLast10Ownership" name="test_staff_can_fetch_any" time="0.130" /><testcase classname="tests.test_iteration39_messaging_and_booking_ownership.TestBookingLast10Ownership" name="test_anonymous_phone_query_still_works" time="0.138" /><testcase classname="tests.test_iteration39_messaging_and_booking_ownership.TestBookingLast10Ownership" name="test_anonymous_wrong_phone_403" time="0.311" /></testsuite></testsuites>