<?xml version="1.0" encoding="utf-8"?><testsuites name="pytest tests"><testsuite name="pytest" errors="0" failures="0" skipped="0" tests="8" time="2.342" timestamp="2026-08-27T06:55:28.047534+00:00" hostname="agent-env-4d5b1ea9-c5df-4db3-9534-968cd0e87a5b"><testcase classname="tests.test_encounter_followups_and_poster.TestEncounterFollowUps" name="test_health" time="0.392" /><testcase classname="tests.test_encounter_followups_and_poster.TestEncounterFollowUps" name="test_create_encounter_with_followup_persists" time="0.224" /><testcase classname="tests.test_encounter_followups_and_poster.TestEncounterFollowUps" name="test_patch_updates_followup_and_clear_removes_it" time="0.240" /><testcase classname="tests.test_encounter_followups_and_poster.TestEncounterFollowUps" name="test_followups_endpoint_today_and_upcoming" time="0.224" /><testcase classname="tests.test_encounter_followups_and_poster.TestEncounterFollowUps" name="test_route_ordering_followups_not_captured_as_id" time="0.311" /><testcase classname="tests.test_encounter_followups_and_poster.TestSharePoster" name="test_poster_png_returns_image" time="0.209" /><testcase classname="tests.test_encounter_followups_and_poster.TestSharePoster" name="test_guide_no_image_uses_poster_fallback" time="0.198" /><testcase classname="tests.test_encounter_followups_and_poster.TestSharePoster" name="test_blog_with_custom_image_uses_provided_image" time="0.497" /></testsuite></testsuites>