<?xml version="1.0" encoding="utf-8"?><testsuites name="pytest tests"><testsuite name="pytest" errors="0" failures="1" skipped="0" tests="7" time="0.958" timestamp="2026-08-28T05:50:47.246914+00:00" hostname="agent-env-4d5b1ea9-c5df-4db3-9534-968cd0e87a5b"><testcase classname="tests.test_encounter_worklist_flow" name="test_worklist_shape_and_seeded_booking" time="0.285" /><testcase classname="tests.test_encounter_worklist_flow" name="test_encounter_get_persists_intake" time="0.101" /><testcase classname="tests.test_encounter_worklist_flow" name="test_start_consultation_sets_stage_and_fee" time="0.048" /><testcase classname="tests.test_encounter_worklist_flow" name="test_receipt_flips_payment_to_paid" time="0.100" /><testcase classname="tests.test_encounter_worklist_flow" name="test_waive_sets_payment_waived" time="0.180" /><testcase classname="tests.test_encounter_worklist_flow" name="test_billing_summary_shape" time="0.044" /><testcase classname="tests.test_encounter_worklist_flow" name="test_finalize_rx_completes_encounter" time="0.141"><failure message="AssertionError: {&quot;detail&quot;:[{&quot;type&quot;:&quot;missing&quot;,&quot;loc&quot;:[&quot;body&quot;,&quot;visit_date&quot;],&quot;msg&quot;:&quot;Field required&quot;,&quot;input&quot;:{&quot;patient_name&quot;:&quot;TEST_WL Complete&quot;,&quot;patient_phone&quot;:&quot;9812345672&quot;,&quot;diagnosis&quot;:&quot;BPH&quot;,&quot;medications&quot;:[{&quot;name&quot;:&quot;Tamsulosin&quot;,&quot;dose&quot;:&quot;0.4 mg&quot;,&quot;freq&quot;:&quot;OD&quot;,&quot;duration&quot;:&quot;30d&quot;}],&quot;status&quot;:&quot;final&quot;,&quot;encounter_id&quot;:&quot;enc_06b904e3056f&quot;}}]}&#10;assert 422 == 200&#10; +  where 422 = &lt;Response [422]&gt;.status_code">tests/test_encounter_worklist_flow.py:169: in test_finalize_rx_completes_encounter
    assert rx.status_code == 200, rx.text
E   AssertionError: {"detail":[{"type":"missing","loc":["body","visit_date"],"msg":"Field required","input":{"patient_name":"TEST_WL Complete","patient_phone":"9812345672","diagnosis":"BPH","medications":[{"name":"Tamsulosin","dose":"0.4 mg","freq":"OD","duration":"30d"}],"status":"final","encounter_id":"enc_06b904e3056f"}}]}
E   assert 422 == 200
E    +  where 422 = &lt;Response [422]&gt;.status_code</failure></testcase></testsuite></testsuites>