<?xml version="1.0" encoding="utf-8"?><testsuites name="pytest tests"><testsuite name="pytest" errors="0" failures="0" skipped="0" tests="17" time="2.612" timestamp="2026-08-24T18:20:05.264564+00:00" hostname="agent-env-4d5b1ea9-c5df-4db3-9534-968cd0e87a5b"><testcase classname="tests.test_auth_cache_and_tenancy.TestAuthCore" name="test_auth_me_owner_200" time="0.378" /><testcase classname="tests.test_auth_cache_and_tenancy.TestAuthCore" name="test_auth_me_cached_repeat_identical" time="0.146" /><testcase classname="tests.test_auth_cache_and_tenancy.TestAuthCore" name="test_auth_me_no_token_401" time="0.074" /><testcase classname="tests.test_auth_cache_and_tenancy.TestAuthCore" name="test_auth_me_invalid_token_401" time="0.074" /><testcase classname="tests.test_auth_cache_and_tenancy.TestLogoutInvalidation" name="test_logout_kills_token_immediately" time="0.219" /><testcase classname="tests.test_auth_cache_and_tenancy.TestExpiredSession" name="test_expired_session_returns_401" time="0.078" /><testcase classname="tests.test_auth_cache_and_tenancy.TestRoleGates" name="test_owner_gets_200" time="0.079" /><testcase classname="tests.test_auth_cache_and_tenancy.TestRoleGates" name="test_patient_gets_403" time="0.072" /><testcase classname="tests.test_auth_cache_and_tenancy.TestTenancy" name="test_clinic_scoped_endpoints_return_200_for_owner[/api/bookings/all]" time="0.077" /><testcase classname="tests.test_auth_cache_and_tenancy.TestTenancy" name="test_clinic_scoped_endpoints_return_200_for_owner[/api/surgeries]" time="0.083" /><testcase classname="tests.test_auth_cache_and_tenancy.TestTenancy" name="test_clinic_scoped_endpoints_return_200_for_owner[/api/prescriptions]" time="0.074" /><testcase classname="tests.test_auth_cache_and_tenancy.TestTenancy" name="test_clinic_scoped_endpoints_return_200_for_owner[/api/analytics/dashboard]" time="0.099" /><testcase classname="tests.test_auth_cache_and_tenancy.TestTenancy" name="test_wrong_clinic_header_returns_403" time="0.079" /><testcase classname="tests.test_auth_cache_and_tenancy.TestTenancy" name="test_correct_clinic_header_returns_200" time="0.103" /><testcase classname="tests.test_auth_cache_and_tenancy.TestProfilePatchFreshness" name="test_patch_me_reflects_immediately" time="0.429" /><testcase classname="tests.test_auth_cache_and_tenancy.TestAccountDeletion" name="test_patient_self_delete_invalidates_token" time="0.370" /><testcase classname="tests.test_auth_cache_and_tenancy.TestAccountDeletion" name="test_owner_self_delete_is_blocked_403" time="0.086" /></testsuite></testsuites>