<?xml version="1.0" encoding="utf-8"?><testsuites name="pytest tests"><testsuite name="pytest" errors="0" failures="0" skipped="0" tests="9" time="2.644" timestamp="2026-08-28T06:19:23.760118+00:00" hostname="agent-env-4d5b1ea9-c5df-4db3-9534-968cd0e87a5b"><testcase classname="tests.test_iteration34_billing_reports.TestCollectionDrawer" name="test_collection_summary_has_drawer_shape" time="1.003" /><testcase classname="tests.test_iteration34_billing_reports.TestCollectionDrawer" name="test_drawer_buckets_multiple_modes" time="0.802" /><testcase classname="tests.test_iteration34_billing_reports.TestRevenueReport" name="test_revenue_report_shape_owner" time="0.071" /><testcase classname="tests.test_iteration34_billing_reports.TestRevenueReport" name="test_revenue_internal_consistency" time="0.072" /><testcase classname="tests.test_iteration34_billing_reports.TestRevenueReport" name="test_revenue_default_month" time="0.075" /><testcase classname="tests.test_iteration34_billing_reports.TestPatientTimeline" name="test_timeline_empty_when_no_phone" time="0.070" /><testcase classname="tests.test_iteration34_billing_reports.TestPatientTimeline" name="test_timeline_returns_this_patients_visits_and_receipts" time="0.078" /><testcase classname="tests.test_iteration34_billing_reports.TestRouteOrdering" name="test_revenue_report_not_treated_as_encounter_id" time="0.074" /><testcase classname="tests.test_iteration34_billing_reports.TestRouteOrdering" name="test_patient_timeline_not_treated_as_encounter_id" time="0.353" /></testsuite></testsuites>