<?xml version="1.0" encoding="utf-8"?><testsuites name="pytest tests"><testsuite name="pytest" errors="0" failures="0" skipped="0" tests="22" time="3.426" timestamp="2026-08-25T05:09:41.515275+00:00" hostname="agent-env-4d5b1ea9-c5df-4db3-9534-968cd0e87a5b"><testcase classname="tests.test_encounters_phase_e.TestEncountersCRUD" name="test_create_encounter_full_body" time="0.117" /><testcase classname="tests.test_encounters_phase_e.TestEncountersCRUD" name="test_unauth_401" time="0.133" /><testcase classname="tests.test_encounters_phase_e.TestEncountersCRUD" name="test_list_encounters_paginated" time="0.137" /><testcase classname="tests.test_encounters_phase_e.TestEncountersCRUD" name="test_list_encounters_search_q" time="0.107" /><testcase classname="tests.test_encounters_phase_e.TestEncountersCRUD" name="test_get_encounter_detail" time="0.109" /><testcase classname="tests.test_encounters_phase_e.TestEncountersCRUD" name="test_patch_encounter" time="0.442" /><testcase classname="tests.test_encounters_phase_e.TestEncountersCRUD" name="test_delete_by_non_author_non_owner_403" time="0.202" /><testcase classname="tests.test_encounters_phase_e.TestEncountersCRUD" name="test_delete_by_owner_ok" time="0.306" /><testcase classname="tests.test_encounters_phase_e.TestDiagnosisRegistry" name="test_list_diagnoses" time="0.119" /><testcase classname="tests.test_encounters_phase_e.TestDiagnosisRegistry" name="test_filter_q" time="0.106" /><testcase classname="tests.test_encounters_phase_e.TestRxLinkage" name="test_link_rx_to_encounter" time="0.452" /><testcase classname="tests.test_encounters_phase_e.TestRxLinkage" name="test_link_bad_rx_404" time="0.109" /><testcase classname="tests.test_encounters_phase_e.TestAIDictation" name="test_empty_audio_400" time="0.099" /><testcase classname="tests.test_encounters_phase_e.TestAIDictation" name="test_unauth_401" time="0.097" /><testcase classname="tests.test_encounters_phase_e.TestPaginationRegression" name="test_bookings_all_default_is_array" time="0.116" /><testcase classname="tests.test_encounters_phase_e.TestPaginationRegression" name="test_bookings_all_limit_skip" time="0.117" /><testcase classname="tests.test_encounters_phase_e.TestPaginationRegression" name="test_bookings_status_filter" time="0.102" /><testcase classname="tests.test_encounters_phase_e.TestPaginationRegression" name="test_surgeries_default_is_array" time="0.098" /><testcase classname="tests.test_encounters_phase_e.TestPaginationRegression" name="test_surgeries_limit" time="0.110" /><testcase classname="tests.test_encounters_phase_e.TestPaginationRegression" name="test_surgeries_search_q" time="0.099" /><testcase classname="tests.test_encounters_phase_e.TestPaginationRegression" name="test_prescriptions_default_is_array" time="0.120" /><testcase classname="tests.test_encounters_phase_e.TestPaginationRegression" name="test_prescriptions_limit_skip" time="0.103" /></testsuite></testsuites>