<?xml version="1.0" encoding="utf-8"?><testsuites name="pytest tests"><testsuite name="pytest" errors="0" failures="0" skipped="0" tests="7" time="1.737" timestamp="2026-08-23T19:15:42.104110+00:00" hostname="agent-env-4d5b1ea9-c5df-4db3-9534-968cd0e87a5b"><testcase classname="tests.test_registry_invites_iteration24.TestOwnerAuth" name="test_owner_me_ok" time="0.184" /><testcase classname="tests.test_registry_invites_iteration24.TestRegistrySummary" name="test_patients_summary_shape" time="0.184" /><testcase classname="tests.test_registry_invites_iteration24.TestInviteAnalytics" name="test_invite_analytics_ok" time="0.154" /><testcase classname="tests.test_registry_invites_iteration24.TestInviteBatches" name="test_invite_batches_ok" time="0.135" /><testcase classname="tests.test_registry_invites_iteration24.TestBulkInvite" name="test_bulk_invite_empty_400" time="0.195" /><testcase classname="tests.test_registry_invites_iteration24.TestBulkInvite" name="test_bulk_invite_with_unknown_id" time="0.262" /><testcase classname="tests.test_registry_invites_iteration24.TestBulkInvite" name="test_bulk_invite_real_patient" time="0.587" /></testsuite></testsuites>