<?xml version="1.0" encoding="utf-8"?><testsuites name="pytest tests"><testsuite name="pytest" errors="0" failures="0" skipped="0" tests="12" time="3.155" timestamp="2026-08-27T06:35:07.441332+00:00" hostname="agent-env-4d5b1ea9-c5df-4db3-9534-968cd0e87a5b"><testcase classname="tests.test_deletion_grace_and_share.TestDeletionGraceWindow" name="test_get_me_has_new_fields" time="0.356" /><testcase classname="tests.test_deletion_grace_and_share.TestDeletionGraceWindow" name="test_owner_delete_forbidden" time="0.111" /><testcase classname="tests.test_deletion_grace_and_share.TestDeletionGraceWindow" name="test_patient_soft_delete_returns_grace" time="0.357" /><testcase classname="tests.test_deletion_grace_and_share.TestDeletionGraceWindow" name="test_account_usable_after_soft_delete" time="0.109" /><testcase classname="tests.test_deletion_grace_and_share.TestDeletionGraceWindow" name="test_restore_clears_pending" time="0.253" /><testcase classname="tests.test_deletion_grace_and_share.TestDeletionGraceWindow" name="test_restore_via_email_link" time="0.972" /><testcase classname="tests.test_deletion_grace_and_share.TestShareOG" name="test_share_home" time="0.148" /><testcase classname="tests.test_deletion_grace_and_share.TestShareOG" name="test_share_clinic_has_clinic_name" time="0.188" /><testcase classname="tests.test_deletion_grace_and_share.TestShareOG" name="test_share_blog_with_query_overrides" time="0.108" /><testcase classname="tests.test_deletion_grace_and_share.TestShareOG" name="test_share_guide_turp" time="0.135" /><testcase classname="tests.test_deletion_grace_and_share.TestShareOG" name="test_share_refer_preserves_ref" time="0.127" /><testcase classname="tests.test_deletion_grace_and_share.TestShareOG" name="test_share_clinic_preserves_ref" time="0.244" /></testsuite></testsuites>