<?xml version="1.0" encoding="utf-8"?><testsuites name="pytest tests"><testsuite name="pytest" errors="0" failures="0" skipped="2" tests="21" time="3.810" timestamp="2026-08-27T07:50:27.080538+00:00" hostname="agent-env-4d5b1ea9-c5df-4db3-9534-968cd0e87a5b"><testcase classname="tests.test_patient_flow_iteration30.TestAuth" name="test_me_returns_patient" time="0.198" /><testcase classname="tests.test_patient_flow_iteration30.TestAuth" name="test_missing_token_401" time="0.100" /><testcase classname="tests.test_patient_flow_iteration30.TestBookings" name="test_bookings_me_ok" time="0.057" /><testcase classname="tests.test_patient_flow_iteration30.TestBookings" name="test_create_booking_persists_and_scoped" time="0.785" /><testcase classname="tests.test_patient_flow_iteration30.TestBookings" name="test_create_booking_missing_fields_422" time="0.055" /><testcase classname="tests.test_patient_flow_iteration30.TestBookings" name="test_bookings_all_forbidden_for_patient" time="0.056" /><testcase classname="tests.test_patient_flow_iteration30.TestBookings" name="test_cancel_own_booking" time="0.853" /><testcase classname="tests.test_patient_flow_iteration30.TestRecords" name="test_records_me_ok_and_scoped" time="0.069" /><testcase classname="tests.test_patient_flow_iteration30.TestIPSS" name="test_submit_ipss_and_history" time="0.122" /><testcase classname="tests.test_patient_flow_iteration30.TestPublicContent" name="test_endpoint_200[/api/announcements]" time="0.054" /><testcase classname="tests.test_patient_flow_iteration30.TestPublicContent" name="test_endpoint_200[/api/blog]" time="0.251" /><testcase classname="tests.test_patient_flow_iteration30.TestPublicContent" name="test_endpoint_200[/api/videos]" time="0.202" /><testcase classname="tests.test_patient_flow_iteration30.TestPublicContent" name="test_endpoint_200[/api/education]" time="0.086" /><testcase classname="tests.test_patient_flow_iteration30.TestPublicContent" name="test_endpoint_200[/api/guides]" time="0.054" /><testcase classname="tests.test_patient_flow_iteration30.TestPublicContent" name="test_endpoint_200[/api/diseases]" time="0.054" /><testcase classname="tests.test_patient_flow_iteration30.TestPublicContent" name="test_endpoint_200[/api/clinics/by-slug/dr-joshi-uro]" time="0.057" /><testcase classname="tests.test_patient_flow_iteration30.TestPublicContent" name="test_clinic_slug_shape" time="0.055" /><testcase classname="tests.test_patient_flow_iteration30.TestNotificationsInbox" name="test_smoke[/api/notifications]" time="0.055" /><testcase classname="tests.test_patient_flow_iteration30.TestNotificationsInbox" name="test_smoke[/api/inbox]" time="0.057"><skipped type="pytest.skip" message="/api/inbox not implemented — informational">/app/backend/tests/test_patient_flow_iteration30.py:191: /api/inbox not implemented — informational</skipped></testcase><testcase classname="tests.test_patient_flow_iteration30.TestNotificationsInbox" name="test_smoke[/api/messaging/permissions]" time="0.055"><skipped type="pytest.skip" message="/api/messaging/permissions not implemented — informational">/app/backend/tests/test_patient_flow_iteration30.py:191: /api/messaging/permissions not implemented — informational</skipped></testcase><testcase classname="tests.test_patient_flow_iteration30.TestDeletionRestore" name="test_soft_delete_then_restore" time="0.493" /></testsuite></testsuites>