<?xml version="1.0" encoding="utf-8"?><testsuites name="pytest tests"><testsuite name="pytest" errors="0" failures="0" skipped="0" tests="7" time="1.701" timestamp="2026-08-28T06:01:17.037700+00:00" hostname="agent-env-4d5b1ea9-c5df-4db3-9534-968cd0e87a5b"><testcase classname="tests.test_collection_flow" name="test_auth_me" time="0.660" /><testcase classname="tests.test_collection_flow" name="test_collection_summary_shape" time="0.101" /><testcase classname="tests.test_collection_flow" name="test_pending_dues_shape" time="0.050" /><testcase classname="tests.test_collection_flow" name="test_pending_flow_e2e" time="0.397" /><testcase classname="tests.test_collection_flow" name="test_waive_flow" time="0.242" /><testcase classname="tests.test_collection_flow" name="test_route_ordering" time="0.096" /><testcase classname="tests.test_collection_flow" name="test_zzz_cleanup" time="0.114" /></testsuite></testsuites>