<?xml version="1.0" encoding="utf-8"?><testsuites name="pytest tests"><testsuite name="pytest" errors="0" failures="0" skipped="0" tests="17" time="2.358" timestamp="2026-09-06T16:51:03.127427+00:00" hostname="agent-env-4d5b1ea9-c5df-4db3-9534-968cd0e87a5b"><testcase classname="tests.test_iteration40_phase3.TestDrugRepository" name="test_list_returns_nonempty" time="0.190" /><testcase classname="tests.test_iteration40_phase3.TestDrugRepository" name="test_search_q_para" time="0.062" /><testcase classname="tests.test_iteration40_phase3.TestDischargeMedTemplates" name="test_01_create" time="0.067" /><testcase classname="tests.test_iteration40_phase3.TestDischargeMedTemplates" name="test_02_list_contains" time="0.066" /><testcase classname="tests.test_iteration40_phase3.TestDischargeMedTemplates" name="test_03_re_post_upserts_no_duplicate" time="0.129" /><testcase classname="tests.test_iteration40_phase3.TestDischargeMedTemplates" name="test_04_delete" time="0.124" /><testcase classname="tests.test_iteration40_phase3.TestDischargeMedTemplates" name="test_05_delete_missing_returns_404" time="0.062" /><testcase classname="tests.test_iteration40_phase3.TestBookingCompletedEncounter" name="test_01_pick_confirmed_booking" time="0.062" /><testcase classname="tests.test_iteration40_phase3.TestBookingCompletedEncounter" name="test_02_patch_completed_creates_encounter" time="0.197" /><testcase classname="tests.test_iteration40_phase3.TestBookingCompletedEncounter" name="test_03_worklist_completed_shows_it" time="0.066" /><testcase classname="tests.test_iteration40_phase3.TestBookingCompletedEncounter" name="test_99_cleanup_revert_and_delete" time="0.739" /><testcase classname="tests.test_iteration40_phase3.TestSurgeryScheduling" name="test_01_procedures" time="0.235" /><testcase classname="tests.test_iteration40_phase3.TestSurgeryScheduling" name="test_02_ot_rooms" time="0.066" /><testcase classname="tests.test_iteration40_phase3.TestSurgeryScheduling" name="test_03_create_scheduled_surgery" time="0.072" /><testcase classname="tests.test_iteration40_phase3.TestSurgeryScheduling" name="test_04_conflicts_returns_overlap" time="0.066" /><testcase classname="tests.test_iteration40_phase3.TestSurgeryScheduling" name="test_05_conflicts_no_overlap" time="0.064" /><testcase classname="tests.test_iteration40_phase3.TestSurgeryScheduling" name="test_99_cleanup" time="0.066" /></testsuite></testsuites>