<?xml version="1.0" encoding="utf-8"?><testsuites name="pytest tests"><testsuite name="pytest" errors="0" failures="0" skipped="0" tests="9" time="1.110" timestamp="2026-08-14T17:16:41.189190+00:00" hostname="agent-env-4d5b1ea9-c5df-4db3-9534-968cd0e87a5b"><testcase classname="tests.test_phase_a_notifications.TestRegisterPushTyped" name="test_typed_503_and_mirror" time="0.309" /><testcase classname="tests.test_phase_a_notifications.TestRegisterPushTyped" name="test_installation_id_dedupe_on_rotation" time="0.086" /><testcase classname="tests.test_phase_a_notifications.TestRegisterPushTyped" name="test_empty_token_typed_400" time="0.094" /><testcase classname="tests.test_phase_a_notifications.TestUnifiedInbox" name="test_inbox_all_shape" time="0.103" /><testcase classname="tests.test_phase_a_notifications.TestUnifiedInbox" name="test_read_endpoint_handles_broadcast_inbox_rows" time="0.105" /><testcase classname="tests.test_phase_a_notifications.TestUnifiedInbox" name="test_read_endpoint_404_for_unknown_id" time="0.083" /><testcase classname="tests.test_phase_a_notifications.TestBroadcastCapability" name="test_primary_owner_auto_approver" time="0.161" /><testcase classname="tests.test_phase_a_notifications.TestBroadcastCapability" name="test_pending_count_visible_to_primary_owner" time="0.084" /><testcase classname="tests.test_phase_a_notifications.TestDoctorDirectoryHygiene" name="test_no_demo_doctor_accounts" time="0.003" /></testsuite></testsuites>