<?xml version="1.0" encoding="utf-8"?><testsuites name="pytest tests"><testsuite name="pytest" errors="0" failures="0" skipped="0" tests="6" time="0.772" timestamp="2026-08-14T17:17:19.489159+00:00" hostname="agent-env-4d5b1ea9-c5df-4db3-9534-968cd0e87a5b"><testcase classname="tests.test_phase_a_extended.TestUnauthRegisterPush" name="test_no_token_returns_401_or_403" time="0.212" /><testcase classname="tests.test_phase_a_extended.TestInboxAllRead" name="test_marks_both_notifications_and_broadcast_inbox" time="0.144" /><testcase classname="tests.test_phase_a_extended.TestBroadcastDelete" name="test_delete_unsent_broadcast" time="0.158" /><testcase classname="tests.test_phase_a_extended.TestPushStatus" name="test_relay_not_configured_returns_guidance" time="0.083" /><testcase classname="tests.test_phase_a_extended.TestPendingCount" name="test_pending_count_int_for_primary_owner" time="0.086" /><testcase classname="tests.test_phase_a_extended.TestDoctorDirectoryHygiene" name="test_no_demo_doctor_accounts" time="0.003" /></testsuite></testsuites>