<?xml version="1.0" encoding="utf-8"?><testsuites name="pytest tests"><testsuite name="pytest" errors="0" failures="0" skipped="0" tests="20" time="4.793" timestamp="2026-06-17T18:01:20.136334+00:00" hostname="agent-env-4d5b1ea9-c5df-4db3-9534-968cd0e87a5b"><testcase classname="tests.test_platform_reset.TestRequestOtpAuth" name="test_unauthenticated_blocked" time="0.474" /><testcase classname="tests.test_platform_reset.TestRequestOtpAuth" name="test_non_super_owner_blocked_403[TEST_platreset_po_47f04c02a6f2-primary_owner]" time="0.202" /><testcase classname="tests.test_platform_reset.TestRequestOtpAuth" name="test_non_super_owner_blocked_403[TEST_platreset_part_f1c4cbad3157-partner]" time="0.192" /><testcase classname="tests.test_platform_reset.TestRequestOtpAuth" name="test_non_super_owner_blocked_403[TEST_platreset_doc_fee19c7c5c4c-doctor]" time="0.169" /><testcase classname="tests.test_platform_reset.TestRequestOtpAuth" name="test_non_super_owner_blocked_403[TEST_platreset_pat_1c05bb18604d-patient]" time="0.178" /><testcase classname="tests.test_platform_reset.TestRequestOtpAuth" name="test_super_owner_can_request_otp" time="0.476" /><testcase classname="tests.test_platform_reset.TestExecuteValidation" name="test_non_super_owner_execute_403[TEST_platreset_po_47f04c02a6f2-primary_owner]" time="0.159" /><testcase classname="tests.test_platform_reset.TestExecuteValidation" name="test_non_super_owner_execute_403[TEST_platreset_part_f1c4cbad3157-partner]" time="0.214" /><testcase classname="tests.test_platform_reset.TestExecuteValidation" name="test_non_super_owner_execute_403[TEST_platreset_doc_fee19c7c5c4c-doctor]" time="0.173" /><testcase classname="tests.test_platform_reset.TestExecuteValidation" name="test_non_super_owner_execute_403[TEST_platreset_pat_1c05bb18604d-patient]" time="0.137" /><testcase classname="tests.test_platform_reset.TestExecuteValidation" name="test_wrong_confirm_phrase_returns_400[reset entire platform]" time="0.143" /><testcase classname="tests.test_platform_reset.TestExecuteValidation" name="test_wrong_confirm_phrase_returns_400[RESET ENTIRE PLATFORM ]" time="0.160" /><testcase classname="tests.test_platform_reset.TestExecuteValidation" name="test_wrong_confirm_phrase_returns_400[ RESET ENTIRE PLATFORM]" time="0.146" /><testcase classname="tests.test_platform_reset.TestExecuteValidation" name="test_wrong_confirm_phrase_returns_400[Reset Entire Platform]" time="0.172" /><testcase classname="tests.test_platform_reset.TestExecuteValidation" name="test_wrong_confirm_phrase_returns_400[RESET PLATFORM]" time="0.152" /><testcase classname="tests.test_platform_reset.TestExecuteValidation" name="test_wrong_confirm_phrase_returns_400[]" time="0.147" /><testcase classname="tests.test_platform_reset.TestExecuteValidation" name="test_no_pending_otp_returns_400" time="0.136" /><testcase classname="tests.test_platform_reset.TestExecuteValidation" name="test_wrong_otp_increments_attempts" time="0.147" /><testcase classname="tests.test_platform_reset.TestExecuteValidation" name="test_expired_otp_returns_400" time="0.146" /><testcase classname="tests.test_platform_reset.TestExecuteHappyPath" name="test_happy_path_wipes_all_clinics" time="0.798" /></testsuite></testsuites>