<?xml version="1.0" encoding="utf-8"?><testsuites name="pytest tests"><testsuite name="pytest" errors="0" failures="0" skipped="0" tests="40" time="4.298" timestamp="2026-06-18T19:14:14.111213+00:00" hostname="agent-env-4d5b1ea9-c5df-4db3-9534-968cd0e87a5b"><testcase classname="tests.test_push_channels_multichannel.TestChannelResolverUnit" name="test_import_push_relay_module" time="0.176" /><testcase classname="tests.test_push_channels_multichannel.TestChannelResolverUnit" name="test_import_notifications_module" time="0.001" /><testcase classname="tests.test_push_channels_multichannel.TestChannelResolverUnit" name="test_known_kind_mappings[personal-messages]" time="0.001" /><testcase classname="tests.test_push_channels_multichannel.TestChannelResolverUnit" name="test_known_kind_mappings[inbox-messages]" time="0.001" /><testcase classname="tests.test_push_channels_multichannel.TestChannelResolverUnit" name="test_known_kind_mappings[message-messages]" time="0.001" /><testcase classname="tests.test_push_channels_multichannel.TestChannelResolverUnit" name="test_known_kind_mappings[broadcast-broadcasts]" time="0.001" /><testcase classname="tests.test_push_channels_multichannel.TestChannelResolverUnit" name="test_known_kind_mappings[broadcast_review-broadcasts]" time="0.001" /><testcase classname="tests.test_push_channels_multichannel.TestChannelResolverUnit" name="test_known_kind_mappings[broadcast_sent-broadcasts]" time="0.001" /><testcase classname="tests.test_push_channels_multichannel.TestChannelResolverUnit" name="test_known_kind_mappings[broadcast_rejected-broadcasts]" time="0.001" /><testcase classname="tests.test_push_channels_multichannel.TestChannelResolverUnit" name="test_known_kind_mappings[new_booking-appointments]" time="0.001" /><testcase classname="tests.test_push_channels_multichannel.TestChannelResolverUnit" name="test_known_kind_mappings[booking_confirmed-appointments]" time="0.001" /><testcase classname="tests.test_push_channels_multichannel.TestChannelResolverUnit" name="test_known_kind_mappings[booking_reminder-appointments]" time="0.001" /><testcase classname="tests.test_push_channels_multichannel.TestChannelResolverUnit" name="test_known_kind_mappings[booking_cancelled-appointments]" time="0.001" /><testcase classname="tests.test_push_channels_multichannel.TestChannelResolverUnit" name="test_known_kind_mappings[booking_completed-appointments]" time="0.001" /><testcase classname="tests.test_push_channels_multichannel.TestChannelResolverUnit" name="test_known_kind_mappings[video_room_ready-video_calls]" time="0.001" /><testcase classname="tests.test_push_channels_multichannel.TestChannelResolverUnit" name="test_known_kind_mappings[note_reminder-reminders]" time="0.001" /><testcase classname="tests.test_push_channels_multichannel.TestChannelResolverUnit" name="test_known_kind_mappings[review_request-reminders]" time="0.001" /><testcase classname="tests.test_push_channels_multichannel.TestChannelResolverUnit" name="test_none_kind_falls_back_to_default" time="0.000" /><testcase classname="tests.test_push_channels_multichannel.TestChannelResolverUnit" name="test_empty_string_falls_back_to_default" time="0.001" /><testcase classname="tests.test_push_channels_multichannel.TestChannelResolverUnit" name="test_unknown_kind_falls_back_to_default" time="0.000" /><testcase classname="tests.test_push_channels_multichannel.TestChannelResolverUnit" name="test_case_insensitive_broadcast" time="0.000" /><testcase classname="tests.test_push_channels_multichannel.TestChannelResolverUnit" name="test_prefix_heuristic_booking" time="0.000" /><testcase classname="tests.test_push_channels_multichannel.TestChannelResolverUnit" name="test_prefix_heuristic_broadcast" time="0.000" /><testcase classname="tests.test_push_channels_multichannel.TestChannelResolverUnit" name="test_reminder_substring_heuristic" time="0.000" /><testcase classname="tests.test_push_channels_multichannel.TestSendPushNoKeyContract" name="test_send_push_returns_no_emergent_key" time="0.007" /><testcase classname="tests.test_push_channels_multichannel.TestSendPushNoKeyContract" name="test_send_push_missing_title_short_circuits" time="0.001" /><testcase classname="tests.test_push_channels_multichannel.TestSendPushNoKeyContract" name="test_send_push_no_recipients" time="0.001" /><testcase classname="tests.test_push_channels_multichannel.TestAuthMeStillWorks" name="test_auth_me_owner" time="2.150" /><testcase classname="tests.test_push_channels_multichannel.TestRegisterPushEndpoint" name="test_register_push_with_auth_no_key" time="0.077" /><testcase classname="tests.test_push_channels_multichannel.TestRegisterPushEndpoint" name="test_register_push_requires_auth" time="0.124" /><testcase classname="tests.test_push_channels_multichannel.TestRegisterPushEndpoint" name="test_register_push_missing_token_400" time="0.058" /><testcase classname="tests.test_push_channels_multichannel.TestMessagesSendEndpoint" name="test_messages_send_missing_recipient" time="0.064" /><testcase classname="tests.test_push_channels_multichannel.TestMessagesSendEndpoint" name="test_messages_send_self_blocked" time="0.119" /><testcase classname="tests.test_push_channels_multichannel.TestMessagesSendEndpoint" name="test_messages_send_to_patient" time="0.238" /><testcase classname="tests.test_push_channels_multichannel.TestBroadcastsEndpoints" name="test_create_broadcast_returns_id" time="0.136" /><testcase classname="tests.test_push_channels_multichannel.TestBroadcastsEndpoints" name="test_approve_broadcast_executes_relay_path" time="0.206" /><testcase classname="tests.test_push_channels_multichannel.TestBroadcastsEndpoints" name="test_list_broadcasts" time="0.058" /><testcase classname="tests.test_push_channels_multichannel.TestNotificationsBellFeed" name="test_notifications_owner" time="0.058" /><testcase classname="tests.test_push_channels_multichannel.TestNotificationsBellFeed" name="test_notifications_patient" time="0.242" /><testcase classname="tests.test_push_channels_multichannel.TestNoNewRoutes" name="test_openapi_loads" time="0.468" /></testsuite></testsuites>