<?xml version="1.0" encoding="utf-8"?><testsuites name="pytest tests"><testsuite name="pytest" errors="0" failures="0" skipped="0" tests="30" time="1.290" timestamp="2026-04-18T06:35:03.233688+00:00" hostname="agent-env-4d5b1ea9-c5df-4db3-9534-968cd0e87a5b"><testcase classname="test_auth.TestAuth" name="test_auth_me_with_valid_token" time="0.021" /><testcase classname="test_auth.TestAuth" name="test_auth_me_without_token" time="0.003" /><testcase classname="test_auth.TestAuth" name="test_auth_logout" time="0.711" /><testcase classname="test_auth.TestAuth" name="test_doctor_role_elevation" time="0.004" /><testcase classname="test_bookings.TestBookings" name="test_create_booking_guest" time="0.007" /><testcase classname="test_bookings.TestBookings" name="test_create_booking_authenticated" time="0.005" /><testcase classname="test_bookings.TestBookings" name="test_get_my_bookings_requires_auth" time="0.002" /><testcase classname="test_bookings.TestBookings" name="test_get_my_bookings_authenticated" time="0.005" /><testcase classname="test_health.TestHealth" name="test_health_endpoint" time="0.003" /><testcase classname="test_health.TestHealth" name="test_root_endpoint" time="0.002" /><testcase classname="test_ipss.TestIpss" name="test_save_ipss_requires_auth" time="0.002" /><testcase classname="test_ipss.TestIpss" name="test_save_ipss_authenticated" time="0.023" /><testcase classname="test_ipss.TestIpss" name="test_get_ipss_history_requires_auth" time="0.003" /><testcase classname="test_ipss.TestIpss" name="test_get_ipss_history_authenticated" time="0.005" /><testcase classname="test_prescriptions.TestPrescriptions" name="test_create_prescription_requires_auth" time="0.002" /><testcase classname="test_prescriptions.TestPrescriptions" name="test_create_prescription_patient_role_forbidden" time="0.004" /><testcase classname="test_prescriptions.TestPrescriptions" name="test_create_prescription_doctor_role" time="0.023" /><testcase classname="test_prescriptions.TestPrescriptions" name="test_list_prescriptions_doctor_role" time="0.006" /><testcase classname="test_prescriptions.TestPrescriptions" name="test_get_prescription_detail_doctor_role" time="0.010" /><testcase classname="test_prescriptions.TestPrescriptions" name="test_list_prescriptions_patient_role_forbidden" time="0.004" /><testcase classname="test_public_endpoints.TestDoctorInfo" name="test_get_doctor_info" time="0.003" /><testcase classname="test_public_endpoints.TestDiseases" name="test_list_diseases" time="0.003" /><testcase classname="test_public_endpoints.TestDiseases" name="test_get_disease_detail" time="0.002" /><testcase classname="test_public_endpoints.TestDiseases" name="test_get_disease_not_found" time="0.002" /><testcase classname="test_public_endpoints.TestBlog" name="test_list_blog_posts" time="0.002" /><testcase classname="test_public_endpoints.TestBlog" name="test_get_blog_post_detail" time="0.003" /><testcase classname="test_public_endpoints.TestVideos" name="test_list_videos" time="0.251" /><testcase classname="test_public_endpoints.TestEducation" name="test_list_education_guides" time="0.003" /><testcase classname="test_public_endpoints.TestEducation" name="test_get_education_detail" time="0.003" /><testcase classname="test_public_endpoints.TestCalculators" name="test_list_calculators" time="0.002" /></testsuite></testsuites>