<?xml version="1.0" encoding="utf-8"?><testsuites name="pytest tests"><testsuite name="pytest" errors="0" failures="0" skipped="0" tests="6" time="2.948" timestamp="2026-06-09T18:53:30.919070+00:00" hostname="agent-env-4d5b1ea9-c5df-4db3-9534-968cd0e87a5b"><testcase classname="tests.test_multi_procedure.TestMultiProcedureConsents" name="test_1_multi_procedure_consent_save" time="2.169" /><testcase classname="tests.test_multi_procedure.TestMultiProcedureConsents" name="test_2_legacy_single_procedure_consent" time="0.240" /><testcase classname="tests.test_multi_procedure.TestMultiProcedureConsents" name="test_3_invalid_procedure_key_in_array" time="0.070" /><testcase classname="tests.test_multi_procedure.TestMultiProcedureConsents" name="test_6_get_consent_returns_multi_data" time="0.070" /><testcase classname="tests.test_multi_procedure.TestMultiProcedureSurgeries" name="test_4_multi_procedure_surgery_save" time="0.179" /><testcase classname="tests.test_multi_procedure.TestMultiProcedureSurgeries" name="test_5_legacy_single_procedure_surgery" time="0.154" /></testsuite></testsuites>