<?xml version="1.0" encoding="utf-8"?><testsuites name="pytest tests"><testsuite name="pytest" errors="0" failures="0" skipped="0" tests="5" time="2.612" timestamp="2026-06-15T03:58:00.622998+00:00" hostname="agent-env-4d5b1ea9-c5df-4db3-9534-968cd0e87a5b"><testcase classname="tests.test_rx_print_mode.TestRxPrintModeDefaults" name="test_unconfigured_clinic_returns_defaults" time="1.854" /><testcase classname="tests.test_rx_print_mode.TestRxPrintModeOwnerWrite" name="test_patch_then_get_persists" time="0.307" /><testcase classname="tests.test_rx_print_mode.TestRxPrintModeOwnerWrite" name="test_cleanup_restore_defaults" time="0.162" /><testcase classname="tests.test_rx_print_mode.TestRxPrintModeAnonymousRejected" name="test_anonymous_patch_rejected" time="0.121" /><testcase classname="tests.test_rx_print_mode.TestRxPrintModePatientRejected" name="test_patient_patch_rejected_403" time="0.137" /></testsuite></testsuites>