<?xml version="1.0" encoding="utf-8"?><testsuites name="pytest tests"><testsuite name="pytest" errors="0" failures="0" skipped="0" tests="8" time="5.553" timestamp="2026-06-11T05:59:03.343764+00:00" hostname="agent-env-4d5b1ea9-c5df-4db3-9534-968cd0e87a5b"><testcase classname="tests.test_session_6_push_broadcasts.TestPushTest" name="test_push_test_owner_no_tokens_fallback" time="3.465" /><testcase classname="tests.test_session_6_push_broadcasts.TestPushDiagnostics" name="test_push_diagnostics_owner_returns_users_array" time="0.191" /><testcase classname="tests.test_session_6_push_broadcasts.TestBroadcasts" name="test_create_broadcast_does_not_500" time="0.141" /><testcase classname="tests.test_session_6_push_broadcasts.TestBroadcasts" name="test_list_broadcasts_contains_new_one" time="1.124" /><testcase classname="tests.test_session_6_push_broadcasts.TestQuickRegression" name="test_public_diseases" time="0.122" /><testcase classname="tests.test_session_6_push_broadcasts.TestQuickRegression" name="test_auth_me" time="0.161" /><testcase classname="tests.test_session_6_push_broadcasts.TestQuickRegression" name="test_bookings_all" time="0.152" /><testcase classname="tests.test_session_6_push_broadcasts.TestQuickRegression" name="test_records_me" time="0.149" /></testsuite></testsuites>