<?xml version="1.0" encoding="utf-8"?><testsuites name="pytest tests"><testsuite name="pytest" errors="0" failures="0" skipped="0" tests="17" time="33.563" timestamp="2026-06-13T16:24:30.564052+00:00" hostname="agent-env-4d5b1ea9-c5df-4db3-9534-968cd0e87a5b"><testcase classname="tests.test_session_7_payments_and_ai.TestBackendStability" name="test_health" time="3.103" /><testcase classname="tests.test_session_7_payments_and_ai.TestBackendStability" name="test_auth_me_with_owner_token" time="0.190" /><testcase classname="tests.test_session_7_payments_and_ai.TestBackendStability" name="test_ipd_admissions_list" time="0.110" /><testcase classname="tests.test_session_7_payments_and_ai.TestRazorpay" name="test_config_enabled_in_test_mode" time="0.051" /><testcase classname="tests.test_session_7_payments_and_ai.TestRazorpay" name="test_order_create_returns_valid_order" time="0.950" /><testcase classname="tests.test_session_7_payments_and_ai.TestRazorpay" name="test_order_create_requires_auth" time="0.043" /><testcase classname="tests.test_session_7_payments_and_ai.TestRazorpay" name="test_order_create_rejects_tiny_amount" time="0.055" /><testcase classname="tests.test_session_7_payments_and_ai.TestRazorpay" name="test_verify_rejects_bad_signature" time="0.140" /><testcase classname="tests.test_session_7_payments_and_ai.TestAIDischargeField" name="test_each_valid_field_returns_text[course_in_hospital]" time="4.837" /><testcase classname="tests.test_session_7_payments_and_ai.TestAIDischargeField" name="test_each_valid_field_returns_text[condition_at_discharge]" time="2.966" /><testcase classname="tests.test_session_7_payments_and_ai.TestAIDischargeField" name="test_each_valid_field_returns_text[discharge_meds]" time="6.244" /><testcase classname="tests.test_session_7_payments_and_ai.TestAIDischargeField" name="test_each_valid_field_returns_text[diet_advice]" time="3.285" /><testcase classname="tests.test_session_7_payments_and_ai.TestAIDischargeField" name="test_each_valid_field_returns_text[follow_up_plan]" time="3.927" /><testcase classname="tests.test_session_7_payments_and_ai.TestAIDischargeField" name="test_each_valid_field_returns_text[operative_notes]" time="7.397" /><testcase classname="tests.test_session_7_payments_and_ai.TestAIDischargeField" name="test_invalid_field_returns_400" time="0.064" /><testcase classname="tests.test_session_7_payments_and_ai.TestAIDischargeField" name="test_unknown_admission_returns_404" time="0.054" /><testcase classname="tests.test_session_7_payments_and_ai.TestAIDischargeField" name="test_requires_auth" time="0.053" /></testsuite></testsuites>