<?xml version="1.0" encoding="utf-8"?><testsuites name="pytest tests"><testsuite name="pytest" errors="0" failures="0" skipped="0" tests="5" time="5.138" timestamp="2026-06-15T05:46:30.906021+00:00" hostname="agent-env-4d5b1ea9-c5df-4db3-9534-968cd0e87a5b"><testcase classname="tests.test_surgical_consents_soft_delete" name="test_post_creates_consent_with_admission_id" time="4.711" /><testcase classname="tests.test_surgical_consents_soft_delete" name="test_get_list_filters_by_admission_id" time="0.049" /><testcase classname="tests.test_surgical_consents_soft_delete" name="test_delete_requires_auth" time="0.151" /><testcase classname="tests.test_surgical_consents_soft_delete" name="test_delete_soft_deletes_consent" time="0.140" /><testcase classname="tests.test_surgical_consents_soft_delete" name="test_delete_twice_returns_404" time="0.050" /></testsuite></testsuites>