<?xml version="1.0" encoding="utf-8"?><testsuites name="pytest tests"><testsuite name="pytest" errors="0" failures="0" skipped="0" tests="29" time="0.317" timestamp="2026-06-18T14:39:32.743779+00:00" hostname="agent-env-4d5b1ea9-c5df-4db3-9534-968cd0e87a5b"><testcase classname="tests.test_wave1.TestAuthGating" name="test_search_requires_auth" time="0.007" /><testcase classname="tests.test_wave1.TestAuthGating" name="test_timeline_requires_auth" time="0.005" /><testcase classname="tests.test_wave1.TestAuthGating" name="test_allergies_get_requires_auth" time="0.004" /><testcase classname="tests.test_wave1.TestAuthGating" name="test_allergies_patch_requires_auth" time="0.004" /><testcase classname="tests.test_wave1.TestAuthGating" name="test_rx_templates_list_requires_auth" time="0.004" /><testcase classname="tests.test_wave1.TestAuthGating" name="test_rx_templates_post_requires_auth" time="0.005" /><testcase classname="tests.test_wave1.TestAuthGating" name="test_lab_results_requires_auth" time="0.004" /><testcase classname="tests.test_wave1.TestAuthGating" name="test_lab_presets_public" time="0.005" /><testcase classname="tests.test_wave1.TestSearch" name="test_search_short_query_returns_empty" time="0.011" /><testcase classname="tests.test_wave1.TestSearch" name="test_search_returns_well_formed_shape" time="0.011" /><testcase classname="tests.test_wave1.TestSearch" name="test_search_with_phone_digits" time="0.012" /><testcase classname="tests.test_wave1.TestTimeline" name="test_timeline_requires_phone" time="0.016" /><testcase classname="tests.test_wave1.TestTimeline" name="test_timeline_well_formed_shape" time="0.013" /><testcase classname="tests.test_wave1.TestRxTemplates" name="test_list_templates" time="0.007" /><testcase classname="tests.test_wave1.TestRxTemplates" name="test_create_template_blank_name_rejected" time="0.010" /><testcase classname="tests.test_wave1.TestRxTemplates" name="test_create_template_success" time="0.017" /><testcase classname="tests.test_wave1.TestRxTemplates" name="test_update_template" time="0.009" /><testcase classname="tests.test_wave1.TestRxTemplates" name="test_update_template_missing_returns_404" time="0.008" /><testcase classname="tests.test_wave1.TestRxTemplates" name="test_delete_template" time="0.018" /><testcase classname="tests.test_wave1.TestAllergies" name="test_get_requires_phone" time="0.005" /><testcase classname="tests.test_wave1.TestAllergies" name="test_patch_requires_phone" time="0.009" /><testcase classname="tests.test_wave1.TestAllergies" name="test_set_and_get_allergies" time="0.013" /><testcase classname="tests.test_wave1.TestLabResults" name="test_post_requires_phone" time="0.013" /><testcase classname="tests.test_wave1.TestLabResults" name="test_post_requires_test_name" time="0.008" /><testcase classname="tests.test_wave1.TestLabResults" name="test_create_lab_result" time="0.010" /><testcase classname="tests.test_wave1.TestLabResults" name="test_list_lab_results_for_phone" time="0.008" /><testcase classname="tests.test_wave1.TestLabResults" name="test_list_lab_results_filtered_by_test_name" time="0.008" /><testcase classname="tests.test_wave1.TestLabResults" name="test_lab_result_appears_in_timeline" time="0.013" /><testcase classname="tests.test_wave1.TestLabResults" name="test_delete_lab_result" time="0.014" /></testsuite></testsuites>