<?xml version="1.0" encoding="utf-8"?><testsuites name="pytest tests"><testsuite name="pytest" errors="0" failures="2" skipped="0" tests="14" time="17.925" timestamp="2026-06-18T16:27:06.947909+00:00" hostname="agent-env-4d5b1ea9-c5df-4db3-9534-968cd0e87a5b"><testcase classname="tests.test_wave_more_compliance_perf.TestAiRxSuggest" name="test_rx_suggest_uti" time="12.509" /><testcase classname="tests.test_wave_more_compliance_perf.TestAiRxSuggest" name="test_rx_suggest_missing_diagnosis" time="0.156" /><testcase classname="tests.test_wave_more_compliance_perf.TestAiRxSuggest" name="test_rx_suggest_unauth" time="0.167" /><testcase classname="tests.test_wave_more_compliance_perf.TestTriage" name="test_triage_mixed" time="2.556" /><testcase classname="tests.test_wave_more_compliance_perf.TestTriage" name="test_triage_empty" time="0.138" /><testcase classname="tests.test_wave_more_compliance_perf.TestAnalytics" name="test_dashboard" time="0.177"><failure message="AssertionError: assert None is True&#10; +  where None = &lt;built-in method get of dict object at 0xfa92a342f280&gt;('ok')&#10; +    where &lt;built-in method get of dict object at 0xfa92a342f280&gt; = {'clinic_id': 'clinic_a97b903f2fb2', 'daily_bookings': [{'count': 0, 'date': '2026-06-05'}, {'count': 0, 'date': '2026...-06-10'}, ...], 'generated_at': '2026-06-18T16:27:22.728451+00:00', 'mode_breakdown': {'offline': 0, 'online': 0}, ...}.get">backend/tests/test_wave_more_compliance_perf.py:133: in test_dashboard
    assert body.get("ok") is True
E   AssertionError: assert None is True
E    +  where None = &lt;built-in method get of dict object at 0xfa92a342f280&gt;('ok')
E    +    where &lt;built-in method get of dict object at 0xfa92a342f280&gt; = {'clinic_id': 'clinic_a97b903f2fb2', 'daily_bookings': [{'count': 0, 'date': '2026-06-05'}, {'count': 0, 'date': '2026...-06-10'}, ...], 'generated_at': '2026-06-18T16:27:22.728451+00:00', 'mode_breakdown': {'offline': 0, 'online': 0}, ...}.get</failure></testcase><testcase classname="tests.test_wave_more_compliance_perf.TestAnalytics" name="test_referrers" time="0.129" /><testcase classname="tests.test_wave_more_compliance_perf.TestAnalytics" name="test_outcomes" time="0.140"><failure message="AssertionError: assert None is True&#10; +  where None = &lt;built-in method get of dict object at 0xfa92a33bec00&gt;('ok')&#10; +    where &lt;built-in method get of dict object at 0xfa92a33bec00&gt; = {'avg_length_of_stay_days': 0, 'follow_up_adherence_percent': 0, 'follow_up_total': 0, 'generated_at': '2026-06-18T16:27:23.031037+00:00', ...}.get">backend/tests/test_wave_more_compliance_perf.py:171: in test_outcomes
    assert body.get("ok") is True
E   AssertionError: assert None is True
E    +  where None = &lt;built-in method get of dict object at 0xfa92a33bec00&gt;('ok')
E    +    where &lt;built-in method get of dict object at 0xfa92a33bec00&gt; = {'avg_length_of_stay_days': 0, 'follow_up_adherence_percent': 0, 'follow_up_total': 0, 'generated_at': '2026-06-18T16:27:23.031037+00:00', ...}.get</failure></testcase><testcase classname="tests.test_wave_more_compliance_perf.TestTwoFactor" name="test_2fa_full_flow" time="0.936" /><testcase classname="tests.test_wave_more_compliance_perf.TestTwoFactor" name="test_2fa_verify_without_setup" time="0.262" /><testcase classname="tests.test_wave_more_compliance_perf.TestDpdpExport" name="test_export_staff_with_phone" time="0.161" /><testcase classname="tests.test_wave_more_compliance_perf.TestDpdpExport" name="test_export_staff_missing_phone" time="0.128" /><testcase classname="tests.test_wave_more_compliance_perf.TestAuditLog" name="test_audit_search" time="0.170" /><testcase classname="tests.test_wave_more_compliance_perf.TestPerfInfo" name="test_perf_info" time="0.156" /></testsuite></testsuites>