<?xml version="1.0" encoding="utf-8"?><testsuites name="pytest tests"><testsuite name="pytest" errors="0" failures="0" skipped="0" tests="18" time="8.493" timestamp="2026-06-18T15:03:09.045148+00:00" hostname="agent-env-4d5b1ea9-c5df-4db3-9534-968cd0e87a5b"><testcase classname="tests.test_wave3_ai.TestVoiceToRx" name="test_requires_auth" time="0.008" /><testcase classname="tests.test_wave3_ai.TestVoiceToRx" name="test_demo_blocked" time="0.006" /><testcase classname="tests.test_wave3_ai.TestVoiceToRx" name="test_empty_file_returns_400" time="0.008" /><testcase classname="tests.test_wave3_ai.TestVoiceToRx" name="test_patient_token_forbidden" time="0.009" /><testcase classname="tests.test_wave3_ai.TestVoiceToRx" name="test_valid_audio_response_shape" time="2.670" /><testcase classname="tests.test_wave3_ai.TestPatientGist" name="test_requires_auth" time="0.005" /><testcase classname="tests.test_wave3_ai.TestPatientGist" name="test_missing_phone_returns_400" time="0.006" /><testcase classname="tests.test_wave3_ai.TestPatientGist" name="test_first_call_then_cached" time="1.927" /><testcase classname="tests.test_wave3_ai.TestPatientGist" name="test_refresh_true_bypasses_cache" time="1.509" /><testcase classname="tests.test_wave3_ai.TestLabOCR" name="test_requires_auth" time="0.006" /><testcase classname="tests.test_wave3_ai.TestLabOCR" name="test_demo_blocked" time="0.005" /><testcase classname="tests.test_wave3_ai.TestLabOCR" name="test_empty_image_returns_400" time="0.009" /><testcase classname="tests.test_wave3_ai.TestLabOCR" name="test_bad_mime_returns_400" time="0.009" /><testcase classname="tests.test_wave3_ai.TestLabOCR" name="test_auto_save_without_phone_returns_400" time="0.008" /><testcase classname="tests.test_wave3_ai.TestLabOCR" name="test_valid_image_response_shape" time="2.170" /><testcase classname="tests.test_wave3_ai.TestSearchLinkRegression" name="test_disease_link_singular" time="0.010" /><testcase classname="tests.test_wave3_ai.TestSearchLinkRegression" name="test_blog_link_uses_post_id" time="0.019" /><testcase classname="tests.test_wave3_ai.TestSearchLinkRegression" name="test_calculator_links" time="0.074" /></testsuite></testsuites>