<?xml version="1.0" encoding="utf-8"?><testsuites name="pytest tests"><testsuite name="pytest" errors="0" failures="0" skipped="0" tests="13" time="1.664" timestamp="2026-06-18T14:39:26.042228+00:00" hostname="agent-env-4d5b1ea9-c5df-4db3-9534-968cd0e87a5b"><testcase classname="tests.test_wave1_search_roles.TestSearchAuth" name="test_search_requires_auth" time="1.380" /><testcase classname="tests.test_wave1_search_roles.TestStaffSearch" name="test_staff_scope_label" time="0.020" /><testcase classname="tests.test_wave1_search_roles.TestStaffSearch" name="test_staff_can_search_patients_by_name" time="0.067" /><testcase classname="tests.test_wave1_search_roles.TestStaffSearch" name="test_staff_can_search_by_phone_digits" time="0.014" /><testcase classname="tests.test_wave1_search_roles.TestStaffSearch" name="test_staff_short_query_empty" time="0.006" /><testcase classname="tests.test_wave1_search_roles.TestPatientSearch" name="test_patient_scope_label" time="0.015" /><testcase classname="tests.test_wave1_search_roles.TestPatientSearch" name="test_patient_result_types_are_allowed_subset" time="0.009" /><testcase classname="tests.test_wave1_search_roles.TestPatientSearch" name="test_patient_sees_own_booking" time="0.009" /><testcase classname="tests.test_wave1_search_roles.TestPatientSearch" name="test_patient_sees_own_prescription" time="0.009" /><testcase classname="tests.test_wave1_search_roles.TestPatientSearch" name="test_patient_calculator_searchable" time="0.009" /><testcase classname="tests.test_wave1_search_roles.TestPatientNoLeak" name="test_no_leak_when_searching_other_patient_name" time="0.008" /><testcase classname="tests.test_wave1_search_roles.TestPatientNoLeak" name="test_no_leak_when_searching_other_patient_phone" time="0.008" /><testcase classname="tests.test_wave1_search_roles.TestPatientNoLeak" name="test_no_leak_partial_phone" time="0.008" /></testsuite></testsuites>